<?xml version="1.0" encoding="UTF-8"?>
<!-- Generated by org.testng.reporters.JUnitXMLReporter -->
<testsuite hostname="DESKTOP-AN1HL9O" failures="0" tests="3" name="ChromeTest" time="19.512" errors="0" timestamp="28 Jun 2020 05:41:20 GMT">
  <testcase classname="parameterization.CrossBrowserTesting" name="launchBrowser" time="17.781"/>
  <testcase classname="parameterization.CrossBrowserTesting" name="verifyTitle" time="0.02"/>
  <testcase classname="parameterization.CrossBrowserTesting" name="closeBrowser" time="1.669"/>
</testsuite> <!-- ChromeTest -->
