<?xml version="1.0" encoding="UTF-8"?>
<!-- Generated by org.testng.reporters.JUnitXMLReporter -->
<testsuite hostname="DESKTOP-AN1HL9O" failures="0" tests="3" name="MicrosoftEdgeTest" time="23.348" errors="0" timestamp="28 Jun 2020 05:41:23 GMT">
  <testcase classname="parameterization.CrossBrowserTesting" name="launchBrowser" time="23.123"/>
  <testcase classname="parameterization.CrossBrowserTesting" name="verifyTitle" time="0.02"/>
  <testcase classname="parameterization.CrossBrowserTesting" name="closeBrowser" time="0.149"/>
</testsuite> <!-- MicrosoftEdgeTest -->
