<?xml version="1.0" encoding="UTF-8"?>
<!-- Generated by org.testng.reporters.JUnitXMLReporter -->
<testsuite hostname="DESKTOP-AN1HL9O" failures="0" tests="3" name="Test" time="22.301" errors="0" timestamp="28 Jun 2020 04:56:26 GMT">
  <testcase classname="parameterization.CrossBrowserTesting" name="launchBrowser" time="22.121"/>
  <testcase classname="parameterization.CrossBrowserTesting" name="verifyTitle" time="0.02"/>
  <testcase classname="parameterization.CrossBrowserTesting" name="closeBrowser" time="0.117"/>
</testsuite> <!-- Test -->
